<?xml version="1.0" encoding="UTF-8"?>
<!-- Generated by org.testng.reporters.JUnitXMLReporter -->
<testsuite hostname="AAHID8RFFZF2" ignored="0" name="Test" tests="4" failures="0" timestamp="2020-07-08T09:19:35 IST" time="19.159" errors="0">
  <testcase name="test" time="6.798" classname="com.fitabank.grid.GridTest1"/>
  <testcase name="test4" time="7.438" classname="com.fitabank.grid.GridTest4"/>
  <testcase name="test3" time="7.462" classname="com.fitabank.grid.GridTest3"/>
  <testcase name="test2" time="18.984" classname="com.fitabank.grid.GridTest2"/>
</testsuite> <!-- Test -->
