<?xml version="1.0" encoding="UTF-8"?>
<testng-results skipped="0" failed="0" ignored="0" total="4" passed="4">
  <reporter-output>
  </reporter-output>
  <suite name="Suite" duration-ms="19159" started-at="2020-07-08T09:19:16 IST" finished-at="2020-07-08T09:19:35 IST">
    <groups>
    </groups>
    <test name="Test" duration-ms="19159" started-at="2020-07-08T09:19:16 IST" finished-at="2020-07-08T09:19:35 IST">
      <class name="com.fitabank.grid.GridTest3">
        <test-method status="PASS" signature="test3()[pri:0, instance:com.fitabank.grid.GridTest3@17579e0f]" name="test3" duration-ms="7462" started-at="2020-07-08T09:19:16 IST" finished-at="2020-07-08T09:19:24 IST">
          <reporter-output>
          </reporter-output>
        </test-method> <!-- test3 -->
      </class> <!-- com.fitabank.grid.GridTest3 -->
      <class name="com.fitabank.grid.GridTest4">
        <test-method status="PASS" signature="test4()[pri:0, instance:com.fitabank.grid.GridTest4@4d41cee]" name="test4" duration-ms="7438" started-at="2020-07-08T09:19:16 IST" finished-at="2020-07-08T09:19:24 IST">
          <reporter-output>
          </reporter-output>
        </test-method> <!-- test4 -->
      </class> <!-- com.fitabank.grid.GridTest4 -->
      <class name="com.fitabank.grid.GridTest1">
        <test-method status="PASS" signature="test()[pri:0, instance:com.fitabank.grid.GridTest1@6acdbdf5]" name="test" duration-ms="6798" started-at="2020-07-08T09:19:16 IST" finished-at="2020-07-08T09:19:23 IST">
          <reporter-output>
          </reporter-output>
        </test-method> <!-- test -->
      </class> <!-- com.fitabank.grid.GridTest1 -->
      <class name="com.fitabank.grid.GridTest2">
        <test-method status="PASS" signature="test2()[pri:0, instance:com.fitabank.grid.GridTest2@4b1c1ea0]" name="test2" duration-ms="18984" started-at="2020-07-08T09:19:16 IST" finished-at="2020-07-08T09:19:35 IST">
          <reporter-output>
          </reporter-output>
        </test-method> <!-- test2 -->
      </class> <!-- com.fitabank.grid.GridTest2 -->
    </test> <!-- Test -->
  </suite> <!-- Suite -->
</testng-results>
